<?xml version="1.0" encoding="UTF-8"?>
<!-- Generated by org.testng.reporters.JUnitReportReporter -->
<testsuite hostname="DESKTOP-IPJ5ICI" failures="0" tests="1" name="seltestng.Orgdashboard" time="34.215" errors="0" timestamp="2024-07-03T17:27:10 IST" skipped="0">
  <testcase classname="seltestng.Orgdashboard" name="dashorg" time="34.215"/>
</testsuite> <!-- seltestng.Orgdashboard -->
