<?xml version="1.0" encoding="UTF-8"?>
<!-- Generated by org.testng.reporters.JUnitReportReporter -->
<testsuite hostname="DESKTOP-IPJ5ICI" failures="0" tests="1" name="seltestng.Organizerstatus" time="53.024" errors="0" timestamp="2024-07-04T05:35:00 IST" skipped="0">
  <testcase classname="seltestng.Organizerstatus" name="statustab" time="53.024"/>
</testsuite> <!-- seltestng.Organizerstatus -->
