<?xml version="1.0" encoding="UTF-8"?>
<!-- Generated by org.testng.reporters.JUnitReportReporter -->
<testsuite hostname="DESKTOP-IPJ5ICI" failures="0" tests="1" name="seltestng.Answerall" time="108.904" errors="0" timestamp="2024-07-08T17:56:35 IST" skipped="0">
  <testcase classname="seltestng.Answerall" name="allanswertype" time="108.904"/>
</testsuite> <!-- seltestng.Answerall -->
