<?xml version="1.0" encoding="UTF-8"?>
<!-- Generated by org.testng.reporters.JUnitReportReporter -->
<testsuite hostname="DESKTOP-IPJ5ICI" failures="0" tests="1" name="seltestng.Manageorg" time="49.849" errors="0" timestamp="2024-07-03T17:21:11 IST" skipped="0">
  <testcase classname="seltestng.Manageorg" name="Organizer" time="49.849"/>
</testsuite> <!-- seltestng.Manageorg -->
