<?xml version="1.0" encoding="UTF-8"?>
<!-- Generated by org.testng.reporters.JUnitReportReporter -->
<testsuite hostname="DESKTOP-IPJ5ICI" failures="0" tests="1" name="seltestng.ESigned" time="169.569" errors="0" timestamp="2024-06-23T20:53:06 IST" skipped="0">
  <testcase classname="seltestng.ESigned" name="Signiq" time="169.569"/>
</testsuite> <!-- seltestng.ESigned -->
