<?xml version="1.0" encoding="UTF-8"?>
<!-- Generated by org.testng.reporters.JUnitReportReporter -->
<testsuite hostname="DESKTOP-IPJ5ICI" failures="0" tests="1" name="seltestng.Settingsign" time="34.564" errors="0" timestamp="2024-07-03T16:15:44 IST" skipped="0">
  <testcase classname="seltestng.Settingsign" name="Setmfa" time="34.564"/>
</testsuite> <!-- seltestng.Settingsign -->
