<?xml version="1.0" encoding="UTF-8"?>
<!-- Generated by org.testng.reporters.JUnitReportReporter -->
<testsuite hostname="DESKTOP-IPJ5ICI" failures="0" tests="1" name="seltestng.Historysign" time="30.081" errors="0" timestamp="2024-07-03T15:58:49 IST" skipped="0">
  <testcase classname="seltestng.Historysign" name="histry" time="30.081"/>
</testsuite> <!-- seltestng.Historysign -->
