<?xml version="1.0" encoding="UTF-8"?>
<!-- Generated by org.testng.reporters.JUnitReportReporter -->
<testsuite hostname="DESKTOP-IPJ5ICI" failures="0" tests="1" name="seltestng.Clientportalorganizer" time="20.024" errors="0" timestamp="2024-07-03T15:38:26 IST" skipped="0">
  <testcase classname="seltestng.Clientportalorganizer" name="answerorg" time="20.024"/>
</testsuite> <!-- seltestng.Clientportalorganizer -->
