<?xml version="1.0" encoding="UTF-8"?>
<!-- Generated by org.testng.reporters.JUnitReportReporter -->
<testsuite hostname="DESKTOP-IPJ5ICI" failures="0" tests="1" name="seltestng.Questionspage" time="78.670" errors="0" timestamp="2024-07-04T16:41:22 IST" skipped="0">
  <testcase classname="seltestng.Questionspage" name="answerpage" time="78.670"/>
</testsuite> <!-- seltestng.Questionspage -->
