<?xml version="1.0" encoding="UTF-8"?>
<!-- Generated by org.testng.reporters.JUnitReportReporter -->
<testsuite hostname="DESKTOP-IPJ5ICI" failures="0" tests="1" name="seltestng.Qtinvc" time="57.879" errors="0" timestamp="2024-07-03T16:10:37 IST" skipped="0">
  <testcase classname="seltestng.Qtinvc" name="viewinvce" time="57.879"/>
</testsuite> <!-- seltestng.Qtinvc -->
