<?xml version="1.0" encoding="UTF-8"?>
<!-- Generated by org.testng.reporters.JUnitReportReporter -->
<testsuite hostname="DESKTOP-IPJ5ICI" failures="0" tests="1" name="seltestng.Clientportalesign" time="18.565" errors="0" timestamp="2024-07-03T15:40:56 IST" skipped="0">
  <testcase classname="seltestng.Clientportalesign" name="portalesign" time="18.565"/>
</testsuite> <!-- seltestng.Clientportalesign -->
