<?xml version="1.0" encoding="UTF-8"?>
<!-- Generated by org.testng.reporters.JUnitReportReporter -->
<testsuite hostname="DESKTOP-IPJ5ICI" failures="0" tests="1" name="seltestng.Duporg" time="33.317" errors="0" timestamp="2024-07-03T17:19:13 IST" skipped="0">
  <testcase classname="seltestng.Duporg" name="orgdup" time="33.317"/>
</testsuite> <!-- seltestng.Duporg -->
