<?xml version="1.0" encoding="UTF-8"?>
<!-- Generated by org.testng.reporters.JUnitReportReporter -->
<testsuite hostname="DESKTOP-IPJ5ICI" failures="0" tests="1" name="seltestng.Qt3dots" time="64.197" errors="0" timestamp="2024-07-03T16:08:50 IST" skipped="0">
  <testcase classname="seltestng.Qt3dots" name="ESign3dots" time="64.197"/>
</testsuite> <!-- seltestng.Qt3dots -->
