<?xml version="1.0" encoding="UTF-8"?>
<!-- Generated by org.testng.reporters.JUnitReportReporter -->
<testsuite hostname="DESKTOP-IPJ5ICI" failures="0" tests="1" name="seltestng.ESignsync" time="21.218" errors="0" timestamp="2024-07-03T15:57:40 IST" skipped="0">
  <testcase classname="seltestng.ESignsync" name="Syncesign" time="21.218"/>
</testsuite> <!-- seltestng.ESignsync -->
