<?xml version="1.0" encoding="UTF-8"?>
<!-- Generated by org.testng.reporters.JUnitReportReporter -->
<testsuite hostname="DESKTOP-IPJ5ICI" failures="0" tests="1" name="seltestng.Sendorganizer" time="100.914" errors="0" timestamp="2024-07-10T19:33:58 IST" skipped="0">
  <testcase classname="seltestng.Sendorganizer" name="clientsend" time="100.914"/>
</testsuite> <!-- seltestng.Sendorganizer -->
