<?xml version="1.0" encoding="UTF-8"?>
<!-- Generated by org.testng.reporters.JUnitReportReporter -->
<testsuite hostname="DESKTOP-IPJ5ICI" failures="0" tests="1" name="seltestng.Esignlists" time="42.468" errors="0" timestamp="2024-07-03T16:14:10 IST" skipped="0">
  <testcase classname="seltestng.Esignlists" name="listsEsign" time="42.468"/>
</testsuite> <!-- seltestng.Esignlists -->
