<?xml version="1.0" encoding="UTF-8"?>
<!-- Generated by org.testng.reporters.JUnitReportReporter -->
<testsuite hostname="DESKTOP-IPJ5ICI" failures="0" tests="1" name="seltestng.Copylinkorg" time="28.273" errors="0" timestamp="2024-07-03T17:17:32 IST" skipped="0">
  <testcase classname="seltestng.Copylinkorg" name="linkopen" time="28.273"/>
</testsuite> <!-- seltestng.Copylinkorg -->
