<?xml version="1.0" encoding="UTF-8"?>
<!-- Generated by org.testng.reporters.JUnitReportReporter -->
<testsuite hostname="DESKTOP-IPJ5ICI" failures="0" tests="1" name="seltestng.Edwnld" time="18.958" errors="0" timestamp="2024-07-03T15:55:46 IST" skipped="0">
  <testcase classname="seltestng.Edwnld" name="esigdwn" time="18.958"/>
</testsuite> <!-- seltestng.Edwnld -->
